11-Aug-2025 09:10:08.375 INFO [main] org.apache.catalina.startup.VersionLoggerListener.log Server version name:   Apache Tomcat/10.1.36
11-Aug-2025 09:10:08.377 INFO [main] org.apache.catalina.startup.VersionLoggerListener.log Server built:          Feb 13 2025 13:13:30 UTC
11-Aug-2025 09:10:08.377 INFO [main] org.apache.catalina.startup.VersionLoggerListener.log Server version number: 10.1.36.0
11-Aug-2025 09:10:08.377 INFO [main] org.apache.catalina.startup.VersionLoggerListener.log OS Name:               Mac OS X
11-Aug-2025 09:10:08.377 INFO [main] org.apache.catalina.startup.VersionLoggerListener.log OS Version:            14.5
11-Aug-2025 09:10:08.377 INFO [main] org.apache.catalina.startup.VersionLoggerListener.log Architecture:          aarch64
11-Aug-2025 09:10:08.377 INFO [main] org.apache.catalina.startup.VersionLoggerListener.log Java Home:             /Library/Java/JavaVirtualMachines/jdk-21.jdk/Contents/Home
11-Aug-2025 09:10:08.377 INFO [main] org.apache.catalina.startup.VersionLoggerListener.log JVM Version:           21.0.4+8-LTS-274
11-Aug-2025 09:10:08.378 INFO [main] org.apache.catalina.startup.VersionLoggerListener.log JVM Vendor:            Oracle Corporation
11-Aug-2025 09:10:08.378 INFO [main] org.apache.catalina.startup.VersionLoggerListener.log CATALINA_BASE:         /Users/nidhi/Desktop/AdvanceJava/ServletJsp/apache-tomcat-10.1.36
11-Aug-2025 09:10:08.378 INFO [main] org.apache.catalina.startup.VersionLoggerListener.log CATALINA_HOME:         /Users/nidhi/Desktop/AdvanceJava/ServletJsp/apache-tomcat-10.1.36
11-Aug-2025 09:10:08.424 INFO [main] org.apache.catalina.startup.VersionLoggerListener.log Command line argument: -Djava.util.logging.config.file=/Users/nidhi/Desktop/AdvanceJava/ServletJsp/apache-tomcat-10.1.36/conf/logging.properties
11-Aug-2025 09:10:08.425 INFO [main] org.apache.catalina.startup.VersionLoggerListener.log Command line argument: -Djava.util.logging.manager=org.apache.juli.ClassLoaderLogManager
11-Aug-2025 09:10:08.425 INFO [main] org.apache.catalina.startup.VersionLoggerListener.log Command line argument: -Djdk.tls.ephemeralDHKeySize=2048
11-Aug-2025 09:10:08.425 INFO [main] org.apache.catalina.startup.VersionLoggerListener.log Command line argument: -Djava.protocol.handler.pkgs=org.apache.catalina.webresources
11-Aug-2025 09:10:08.425 INFO [main] org.apache.catalina.startup.VersionLoggerListener.log Command line argument: -Dsun.io.useCanonCaches=false
11-Aug-2025 09:10:08.425 INFO [main] org.apache.catalina.startup.VersionLoggerListener.log Command line argument: -Dorg.apache.catalina.security.SecurityListener.UMASK=0027
11-Aug-2025 09:10:08.425 INFO [main] org.apache.catalina.startup.VersionLoggerListener.log Command line argument: --add-opens=java.base/java.lang=ALL-UNNAMED
11-Aug-2025 09:10:08.425 INFO [main] org.apache.catalina.startup.VersionLoggerListener.log Command line argument: --add-opens=java.base/java.io=ALL-UNNAMED
11-Aug-2025 09:10:08.425 INFO [main] org.apache.catalina.startup.VersionLoggerListener.log Command line argument: --add-opens=java.base/java.util=ALL-UNNAMED
11-Aug-2025 09:10:08.425 INFO [main] org.apache.catalina.startup.VersionLoggerListener.log Command line argument: --add-opens=java.base/java.util.concurrent=ALL-UNNAMED
11-Aug-2025 09:10:08.425 INFO [main] org.apache.catalina.startup.VersionLoggerListener.log Command line argument: --add-opens=java.rmi/sun.rmi.transport=ALL-UNNAMED
11-Aug-2025 09:10:08.425 INFO [main] org.apache.catalina.startup.VersionLoggerListener.log Command line argument: -Dcatalina.base=/Users/nidhi/Desktop/AdvanceJava/ServletJsp/apache-tomcat-10.1.36
11-Aug-2025 09:10:08.425 INFO [main] org.apache.catalina.startup.VersionLoggerListener.log Command line argument: -Dcatalina.home=/Users/nidhi/Desktop/AdvanceJava/ServletJsp/apache-tomcat-10.1.36
11-Aug-2025 09:10:08.425 INFO [main] org.apache.catalina.startup.VersionLoggerListener.log Command line argument: -Djava.io.tmpdir=/Users/nidhi/Desktop/AdvanceJava/ServletJsp/apache-tomcat-10.1.36/temp
11-Aug-2025 09:10:08.431 INFO [main] org.apache.catalina.core.AprLifecycleListener.lifecycleEvent The Apache Tomcat Native library which allows using OpenSSL was not found on the java.library.path: [/Users/nidhi/Library/Java/Extensions:/Library/Java/Extensions:/Network/Library/Java/Extensions:/System/Library/Java/Extensions:/usr/lib/java:.]
11-Aug-2025 09:10:08.586 INFO [main] org.apache.coyote.AbstractProtocol.init Initializing ProtocolHandler ["http-nio-8080"]
11-Aug-2025 09:10:08.621 INFO [main] org.apache.catalina.startup.Catalina.load Server initialization in [342] milliseconds
11-Aug-2025 09:10:08.639 INFO [main] org.apache.catalina.core.StandardService.startInternal Starting service [Catalina]
11-Aug-2025 09:10:08.639 INFO [main] org.apache.catalina.core.StandardEngine.startInternal Starting Servlet engine: [Apache Tomcat/10.1.36]
11-Aug-2025 09:10:08.644 INFO [main] org.apache.catalina.startup.HostConfig.deployDirectory Deploying web application directory [/Users/nidhi/Desktop/AdvanceJava/ServletJsp/apache-tomcat-10.1.36/webapps/HolidayInn]
11-Aug-2025 09:10:09.316 INFO [main] org.apache.jasper.servlet.TldScanner.scanJars At least one JAR was scanned for TLDs yet contained no TLDs. Enable debug logging for this logger for a complete list of JARs that were scanned but no TLDs were found in them. Skipping unneeded JARs during scanning can improve startup time and JSP compilation time.
11-Aug-2025 09:10:09.349 INFO [main] org.apache.catalina.startup.HostConfig.deployDirectory Deployment of web application directory [/Users/nidhi/Desktop/AdvanceJava/ServletJsp/apache-tomcat-10.1.36/webapps/HolidayInn] has finished in [704] ms
11-Aug-2025 09:10:09.349 INFO [main] org.apache.catalina.startup.HostConfig.deployDirectory Deploying web application directory [/Users/nidhi/Desktop/AdvanceJava/ServletJsp/apache-tomcat-10.1.36/webapps/OnlineBatch]
11-Aug-2025 09:10:09.358 INFO [main] org.apache.catalina.startup.HostConfig.deployDirectory Deployment of web application directory [/Users/nidhi/Desktop/AdvanceJava/ServletJsp/apache-tomcat-10.1.36/webapps/OnlineBatch] has finished in [9] ms
11-Aug-2025 09:10:09.358 INFO [main] org.apache.catalina.startup.HostConfig.deployDirectory Deploying web application directory [/Users/nidhi/Desktop/AdvanceJava/ServletJsp/apache-tomcat-10.1.36/webapps/Shop]
11-Aug-2025 09:10:09.444 INFO [main] org.apache.jasper.servlet.TldScanner.scanJars At least one JAR was scanned for TLDs yet contained no TLDs. Enable debug logging for this logger for a complete list of JARs that were scanned but no TLDs were found in them. Skipping unneeded JARs during scanning can improve startup time and JSP compilation time.
11-Aug-2025 09:10:09.444 INFO [main] org.apache.catalina.startup.HostConfig.deployDirectory Deployment of web application directory [/Users/nidhi/Desktop/AdvanceJava/ServletJsp/apache-tomcat-10.1.36/webapps/Shop] has finished in [86] ms
11-Aug-2025 09:10:09.445 INFO [main] org.apache.catalina.startup.HostConfig.deployDirectory Deploying web application directory [/Users/nidhi/Desktop/AdvanceJava/ServletJsp/apache-tomcat-10.1.36/webapps/MyWebApp]
11-Aug-2025 09:10:09.536 INFO [main] org.apache.jasper.servlet.TldScanner.scanJars At least one JAR was scanned for TLDs yet contained no TLDs. Enable debug logging for this logger for a complete list of JARs that were scanned but no TLDs were found in them. Skipping unneeded JARs during scanning can improve startup time and JSP compilation time.
11-Aug-2025 09:10:09.538 INFO [main] org.apache.catalina.startup.HostConfig.deployDirectory Deployment of web application directory [/Users/nidhi/Desktop/AdvanceJava/ServletJsp/apache-tomcat-10.1.36/webapps/MyWebApp] has finished in [93] ms
11-Aug-2025 09:10:09.538 INFO [main] org.apache.catalina.startup.HostConfig.deployDirectory Deploying web application directory [/Users/nidhi/Desktop/AdvanceJava/ServletJsp/apache-tomcat-10.1.36/webapps/docs]
11-Aug-2025 09:10:09.549 INFO [main] org.apache.catalina.startup.HostConfig.deployDirectory Deployment of web application directory [/Users/nidhi/Desktop/AdvanceJava/ServletJsp/apache-tomcat-10.1.36/webapps/docs] has finished in [11] ms
11-Aug-2025 09:10:09.549 INFO [main] org.apache.catalina.startup.HostConfig.deployDirectory Deploying web application directory [/Users/nidhi/Desktop/AdvanceJava/ServletJsp/apache-tomcat-10.1.36/webapps/manager]
11-Aug-2025 09:10:09.563 INFO [main] org.apache.catalina.startup.HostConfig.deployDirectory Deployment of web application directory [/Users/nidhi/Desktop/AdvanceJava/ServletJsp/apache-tomcat-10.1.36/webapps/manager] has finished in [14] ms
11-Aug-2025 09:10:09.563 INFO [main] org.apache.catalina.startup.HostConfig.deployDirectory Deploying web application directory [/Users/nidhi/Desktop/AdvanceJava/ServletJsp/apache-tomcat-10.1.36/webapps/examples]
11-Aug-2025 09:10:09.642 INFO [main] org.apache.catalina.startup.HostConfig.deployDirectory Deployment of web application directory [/Users/nidhi/Desktop/AdvanceJava/ServletJsp/apache-tomcat-10.1.36/webapps/examples] has finished in [79] ms
11-Aug-2025 09:10:09.642 INFO [main] org.apache.catalina.startup.HostConfig.deployDirectory Deploying web application directory [/Users/nidhi/Desktop/AdvanceJava/ServletJsp/apache-tomcat-10.1.36/webapps/ROOT]
11-Aug-2025 09:10:09.649 INFO [main] org.apache.catalina.startup.HostConfig.deployDirectory Deployment of web application directory [/Users/nidhi/Desktop/AdvanceJava/ServletJsp/apache-tomcat-10.1.36/webapps/ROOT] has finished in [7] ms
11-Aug-2025 09:10:09.649 INFO [main] org.apache.catalina.startup.HostConfig.deployDirectory Deploying web application directory [/Users/nidhi/Desktop/AdvanceJava/ServletJsp/apache-tomcat-10.1.36/webapps/host-manager]
11-Aug-2025 09:10:09.657 INFO [main] org.apache.catalina.startup.HostConfig.deployDirectory Deployment of web application directory [/Users/nidhi/Desktop/AdvanceJava/ServletJsp/apache-tomcat-10.1.36/webapps/host-manager] has finished in [8] ms
11-Aug-2025 09:10:09.658 INFO [main] org.apache.coyote.AbstractProtocol.start Starting ProtocolHandler ["http-nio-8080"]
11-Aug-2025 09:10:09.664 INFO [main] org.apache.catalina.startup.Catalina.start Server startup in [1042] milliseconds
11-Aug-2025 23:56:22.259 INFO [Thread-1] org.apache.coyote.AbstractProtocol.pause Pausing ProtocolHandler ["http-nio-8080"]
11-Aug-2025 23:56:22.299 INFO [Thread-1] org.apache.catalina.core.StandardService.stopInternal Stopping service [Catalina]
11-Aug-2025 23:56:22.439 INFO [Thread-1] org.apache.coyote.AbstractProtocol.stop Stopping ProtocolHandler ["http-nio-8080"]
11-Aug-2025 23:56:22.476 INFO [Thread-1] org.apache.coyote.AbstractProtocol.destroy Destroying ProtocolHandler ["http-nio-8080"]
