10-Aug-2025 19:43:57.372 INFO [main] org.apache.catalina.core.ApplicationContext.log No Spring WebApplicationInitializer types detected on classpath
10-Aug-2025 19:43:57.393 INFO [main] org.apache.catalina.core.ApplicationContext.log Marking servlet [springmvc1] as unavailable
10-Aug-2025 19:43:57.393 SEVERE [main] org.apache.catalina.core.StandardContext.loadOnStartup Servlet [springmvc1] in web application [/HolidayInn] threw load() exception
	java.lang.ClassNotFoundException: org.apache.commons.logging.LogFactory
		at org.apache.catalina.loader.WebappClassLoaderBase.loadClass(WebappClassLoaderBase.java:1374)
		at org.apache.catalina.loader.WebappClassLoaderBase.loadClass(WebappClassLoaderBase.java:1183)
		at org.springframework.web.servlet.DispatcherServlet.<clinit>(DispatcherServlet.java:289)
		at java.base/jdk.internal.misc.Unsafe.ensureClassInitialized0(Native Method)
		at java.base/jdk.internal.misc.Unsafe.ensureClassInitialized(Unsafe.java:1160)
		at java.base/jdk.internal.reflect.MethodHandleAccessorFactory.ensureClassInitialized(MethodHandleAccessorFactory.java:300)
		at java.base/jdk.internal.reflect.MethodHandleAccessorFactory.newConstructorAccessor(MethodHandleAccessorFactory.java:103)
		at java.base/jdk.internal.reflect.ReflectionFactory.newConstructorAccessor(ReflectionFactory.java:200)
		at java.base/java.lang.reflect.Constructor.acquireConstructorAccessor(Constructor.java:549)
		at java.base/java.lang.reflect.Constructor.newInstanceWithCaller(Constructor.java:499)
		at java.base/java.lang.reflect.Constructor.newInstance(Constructor.java:486)
		at org.apache.catalina.core.DefaultInstanceManager.newInstance(DefaultInstanceManager.java:144)
		at org.apache.catalina.core.StandardWrapper.loadServlet(StandardWrapper.java:758)
		at org.apache.catalina.core.StandardWrapper.load(StandardWrapper.java:698)
		at org.apache.catalina.core.StandardContext.loadOnStartup(StandardContext.java:4224)
		at org.apache.catalina.core.StandardContext.startInternal(StandardContext.java:4511)
		at org.apache.catalina.util.LifecycleBase.start(LifecycleBase.java:164)
		at org.apache.catalina.core.ContainerBase.addChildInternal(ContainerBase.java:599)
		at org.apache.catalina.core.ContainerBase.addChild(ContainerBase.java:571)
		at org.apache.catalina.core.StandardHost.addChild(StandardHost.java:654)
		at org.apache.catalina.startup.HostConfig.deployDirectory(HostConfig.java:1130)
		at org.apache.catalina.startup.HostConfig$DeployDirectory.run(HostConfig.java:1933)
		at java.base/java.util.concurrent.Executors$RunnableAdapter.call(Executors.java:572)
		at java.base/java.util.concurrent.FutureTask.run(FutureTask.java:317)
		at org.apache.tomcat.util.threads.InlineExecutorService.execute(InlineExecutorService.java:75)
		at java.base/java.util.concurrent.AbstractExecutorService.submit(AbstractExecutorService.java:123)
		at org.apache.catalina.startup.HostConfig.deployDirectories(HostConfig.java:1041)
		at org.apache.catalina.startup.HostConfig.deployApps(HostConfig.java:425)
		at org.apache.catalina.startup.HostConfig.start(HostConfig.java:1629)
		at org.apache.catalina.startup.HostConfig.lifecycleEvent(HostConfig.java:303)
		at org.apache.catalina.util.LifecycleBase.fireLifecycleEvent(LifecycleBase.java:109)
		at org.apache.catalina.util.LifecycleBase.setStateInternal(LifecycleBase.java:389)
		at org.apache.catalina.util.LifecycleBase.setState(LifecycleBase.java:336)
		at org.apache.catalina.core.ContainerBase.startInternal(ContainerBase.java:776)
		at org.apache.catalina.core.StandardHost.startInternal(StandardHost.java:772)
		at org.apache.catalina.util.LifecycleBase.start(LifecycleBase.java:164)
		at org.apache.catalina.core.ContainerBase$StartChild.call(ContainerBase.java:1203)
		at org.apache.catalina.core.ContainerBase$StartChild.call(ContainerBase.java:1193)
		at java.base/java.util.concurrent.FutureTask.run(FutureTask.java:317)
		at org.apache.tomcat.util.threads.InlineExecutorService.execute(InlineExecutorService.java:75)
		at java.base/java.util.concurrent.AbstractExecutorService.submit(AbstractExecutorService.java:145)
		at org.apache.catalina.core.ContainerBase.startInternal(ContainerBase.java:749)
		at org.apache.catalina.core.StandardEngine.startInternal(StandardEngine.java:203)
		at org.apache.catalina.util.LifecycleBase.start(LifecycleBase.java:164)
		at org.apache.catalina.core.StandardService.startInternal(StandardService.java:415)
		at org.apache.catalina.util.LifecycleBase.start(LifecycleBase.java:164)
		at org.apache.catalina.core.StandardServer.startInternal(StandardServer.java:870)
		at org.apache.catalina.util.LifecycleBase.start(LifecycleBase.java:164)
		at org.apache.catalina.startup.Catalina.start(Catalina.java:761)
		at java.base/jdk.internal.reflect.DirectMethodHandleAccessor.invoke(DirectMethodHandleAccessor.java:103)
		at java.base/java.lang.reflect.Method.invoke(Method.java:580)
		at org.apache.catalina.startup.Bootstrap.start(Bootstrap.java:345)
		at org.apache.catalina.startup.Bootstrap.main(Bootstrap.java:473)
10-Aug-2025 19:43:57.693 INFO [main] org.apache.catalina.core.ApplicationContext.log ContextListener: contextInitialized()
10-Aug-2025 19:43:57.693 INFO [main] org.apache.catalina.core.ApplicationContext.log SessionListener: contextInitialized()
10-Aug-2025 19:43:57.694 INFO [main] org.apache.catalina.core.ApplicationContext.log ContextListener: attributeAdded('StockTicker', 'async.Stockticker@ca0a21f')
10-Aug-2025 19:44:07.219 SEVERE [http-nio-8080-exec-1] org.apache.catalina.core.StandardWrapperValve.invoke Servlet.service() for servlet [jsp] in context with path [/OnlineBatch] threw exception [/MyJsp.jsp (line: [2], column: [1]) Unterminated [&lt;%@ page] tag] with root cause
	org.apache.jasper.JasperException: /MyJsp.jsp (line: [2], column: [1]) Unterminated [&lt;%@ page] tag
		at org.apache.jasper.compiler.DefaultErrorHandler.jspError(DefaultErrorHandler.java:31)
		at org.apache.jasper.compiler.ErrorDispatcher.dispatch(ErrorDispatcher.java:268)
		at org.apache.jasper.compiler.ErrorDispatcher.jspError(ErrorDispatcher.java:91)
		at org.apache.jasper.compiler.Parser.parseDirective(Parser.java:523)
		at org.apache.jasper.compiler.Parser.parseFileDirectives(Parser.java:1804)
		at org.apache.jasper.compiler.Parser.parse(Parser.java:135)
		at org.apache.jasper.compiler.ParserController.doParse(ParserController.java:264)
		at org.apache.jasper.compiler.ParserController.parseDirectives(ParserController.java:131)
		at org.apache.jasper.compiler.Compiler.generateJava(Compiler.java:190)
		at org.apache.jasper.compiler.Compiler.compile(Compiler.java:367)
		at org.apache.jasper.compiler.Compiler.compile(Compiler.java:345)
		at org.apache.jasper.compiler.Compiler.compile(Compiler.java:331)
		at org.apache.jasper.JspCompilationContext.compile(JspCompilationContext.java:603)
		at org.apache.jasper.servlet.JspServletWrapper.service(JspServletWrapper.java:396)
		at org.apache.jasper.servlet.JspServlet.serviceJspFile(JspServlet.java:377)
		at org.apache.jasper.servlet.JspServlet.service(JspServlet.java:325)
		at jakarta.servlet.http.HttpServlet.service(HttpServlet.java:658)
		at org.apache.catalina.core.ApplicationFilterChain.internalDoFilter(ApplicationFilterChain.java:195)
		at org.apache.catalina.core.ApplicationFilterChain.doFilter(ApplicationFilterChain.java:140)
		at org.apache.tomcat.websocket.server.WsFilter.doFilter(WsFilter.java:51)
		at org.apache.catalina.core.ApplicationFilterChain.internalDoFilter(ApplicationFilterChain.java:164)
		at org.apache.catalina.core.ApplicationFilterChain.doFilter(ApplicationFilterChain.java:140)
		at org.apache.catalina.core.StandardWrapperValve.invoke(StandardWrapperValve.java:167)
		at org.apache.catalina.core.StandardContextValve.invoke(StandardContextValve.java:90)
		at org.apache.catalina.authenticator.AuthenticatorBase.invoke(AuthenticatorBase.java:483)
		at org.apache.catalina.core.StandardHostValve.invoke(StandardHostValve.java:115)
		at org.apache.catalina.valves.ErrorReportValve.invoke(ErrorReportValve.java:93)
		at org.apache.catalina.valves.AbstractAccessLogValve.invoke(AbstractAccessLogValve.java:663)
		at org.apache.catalina.core.StandardEngineValve.invoke(StandardEngineValve.java:74)
		at org.apache.catalina.connector.CoyoteAdapter.service(CoyoteAdapter.java:344)
		at org.apache.coyote.http11.Http11Processor.service(Http11Processor.java:397)
		at org.apache.coyote.AbstractProcessorLight.process(AbstractProcessorLight.java:63)
		at org.apache.coyote.AbstractProtocol$ConnectionHandler.process(AbstractProtocol.java:905)
		at org.apache.tomcat.util.net.NioEndpoint$SocketProcessor.doRun(NioEndpoint.java:1743)
		at org.apache.tomcat.util.net.SocketProcessorBase.run(SocketProcessorBase.java:52)
		at org.apache.tomcat.util.threads.ThreadPoolExecutor.runWorker(ThreadPoolExecutor.java:1190)
		at org.apache.tomcat.util.threads.ThreadPoolExecutor$Worker.run(ThreadPoolExecutor.java:659)
		at org.apache.tomcat.util.threads.TaskThread$WrappingRunnable.run(TaskThread.java:63)
		at java.base/java.lang.Thread.run(Thread.java:1583)
10-Aug-2025 19:45:26.320 SEVERE [http-nio-8080-exec-3] org.apache.catalina.core.StandardWrapperValve.invoke Servlet.service() for servlet [jsp] in context with path [/OnlineBatch] threw exception [Unable to compile class for JSP: 

An error occurred at line: [8] in the jsp file: [/MyJsp.jsp]
Syntax error, insert ";" to complete BlockStatements
5: <%
6:  if(Math.random() < 0.5)
7:  {
8:     out.println("Hi")
9:  }
10:  else
11:  {


An error occurred at line: [12] in the jsp file: [/MyJsp.jsp]
Invalid character constant
9:  }
10:  else
11:  {
12:     out.println('"Bye");
13:  }
14: %>


An error occurred at line: [12] in the jsp file: [/MyJsp.jsp]
Invalid character constant
9:  }
10:  else
11:  {
12:     out.println('"Bye");
13:  }
14: %>


An error occurred at line: [12] in the jsp file: [/MyJsp.jsp]
Syntax error, insert ")" to complete MethodInvocation
9:  }
10:  else
11:  {
12:     out.println('"Bye");
13:  }
14: %>


An error occurred at line: [12] in the jsp file: [/MyJsp.jsp]
Syntax error, insert ";" to complete BlockStatements
9:  }
10:  else
11:  {
12:     out.println('"Bye");
13:  }
14: %>


Stacktrace:] with root cause
	org.apache.jasper.JasperException: Unable to compile class for JSP: 

An error occurred at line: [8] in the jsp file: [/MyJsp.jsp]
Syntax error, insert ";" to complete BlockStatements
5: <%
6:  if(Math.random() < 0.5)
7:  {
8:     out.println("Hi")
9:  }
10:  else
11:  {


An error occurred at line: [12] in the jsp file: [/MyJsp.jsp]
Invalid character constant
9:  }
10:  else
11:  {
12:     out.println('"Bye");
13:  }
14: %>


An error occurred at line: [12] in the jsp file: [/MyJsp.jsp]
Invalid character constant
9:  }
10:  else
11:  {
12:     out.println('"Bye");
13:  }
14: %>


An error occurred at line: [12] in the jsp file: [/MyJsp.jsp]
Syntax error, insert ")" to complete MethodInvocation
9:  }
10:  else
11:  {
12:     out.println('"Bye");
13:  }
14: %>


An error occurred at line: [12] in the jsp file: [/MyJsp.jsp]
Syntax error, insert ";" to complete BlockStatements
9:  }
10:  else
11:  {
12:     out.println('"Bye");
13:  }
14: %>


Stacktrace:
		at org.apache.jasper.compiler.DefaultErrorHandler.javacError(DefaultErrorHandler.java:72)
		at org.apache.jasper.compiler.ErrorDispatcher.javacError(ErrorDispatcher.java:192)
		at org.apache.jasper.compiler.JDTCompiler.generateClass(JDTCompiler.java:524)
		at org.apache.jasper.compiler.Compiler.compile(Compiler.java:373)
		at org.apache.jasper.compiler.Compiler.compile(Compiler.java:345)
		at org.apache.jasper.compiler.Compiler.compile(Compiler.java:331)
		at org.apache.jasper.JspCompilationContext.compile(JspCompilationContext.java:603)
		at org.apache.jasper.servlet.JspServletWrapper.service(JspServletWrapper.java:396)
		at org.apache.jasper.servlet.JspServlet.serviceJspFile(JspServlet.java:377)
		at org.apache.jasper.servlet.JspServlet.service(JspServlet.java:325)
		at jakarta.servlet.http.HttpServlet.service(HttpServlet.java:658)
		at org.apache.catalina.core.ApplicationFilterChain.internalDoFilter(ApplicationFilterChain.java:195)
		at org.apache.catalina.core.ApplicationFilterChain.doFilter(ApplicationFilterChain.java:140)
		at org.apache.tomcat.websocket.server.WsFilter.doFilter(WsFilter.java:51)
		at org.apache.catalina.core.ApplicationFilterChain.internalDoFilter(ApplicationFilterChain.java:164)
		at org.apache.catalina.core.ApplicationFilterChain.doFilter(ApplicationFilterChain.java:140)
		at org.apache.catalina.core.StandardWrapperValve.invoke(StandardWrapperValve.java:167)
		at org.apache.catalina.core.StandardContextValve.invoke(StandardContextValve.java:90)
		at org.apache.catalina.authenticator.AuthenticatorBase.invoke(AuthenticatorBase.java:483)
		at org.apache.catalina.core.StandardHostValve.invoke(StandardHostValve.java:115)
		at org.apache.catalina.valves.ErrorReportValve.invoke(ErrorReportValve.java:93)
		at org.apache.catalina.valves.AbstractAccessLogValve.invoke(AbstractAccessLogValve.java:663)
		at org.apache.catalina.core.StandardEngineValve.invoke(StandardEngineValve.java:74)
		at org.apache.catalina.connector.CoyoteAdapter.service(CoyoteAdapter.java:344)
		at org.apache.coyote.http11.Http11Processor.service(Http11Processor.java:397)
		at org.apache.coyote.AbstractProcessorLight.process(AbstractProcessorLight.java:63)
		at org.apache.coyote.AbstractProtocol$ConnectionHandler.process(AbstractProtocol.java:905)
		at org.apache.tomcat.util.net.NioEndpoint$SocketProcessor.doRun(NioEndpoint.java:1743)
		at org.apache.tomcat.util.net.SocketProcessorBase.run(SocketProcessorBase.java:52)
		at org.apache.tomcat.util.threads.ThreadPoolExecutor.runWorker(ThreadPoolExecutor.java:1190)
		at org.apache.tomcat.util.threads.ThreadPoolExecutor$Worker.run(ThreadPoolExecutor.java:659)
		at org.apache.tomcat.util.threads.TaskThread$WrappingRunnable.run(TaskThread.java:63)
		at java.base/java.lang.Thread.run(Thread.java:1583)
10-Aug-2025 19:45:46.004 SEVERE [http-nio-8080-exec-5] org.apache.catalina.core.StandardWrapperValve.invoke Servlet.service() for servlet [jsp] in context with path [/OnlineBatch] threw exception [Unable to compile class for JSP: 

An error occurred at line: [12] in the jsp file: [/MyJsp.jsp]
Invalid character constant
9:  }
10:  else
11:  {
12:     out.println('"Bye");
13:  }
14: %>


Stacktrace:] with root cause
	org.apache.jasper.JasperException: Unable to compile class for JSP: 

An error occurred at line: [12] in the jsp file: [/MyJsp.jsp]
Invalid character constant
9:  }
10:  else
11:  {
12:     out.println('"Bye");
13:  }
14: %>


Stacktrace:
		at org.apache.jasper.compiler.DefaultErrorHandler.javacError(DefaultErrorHandler.java:72)
		at org.apache.jasper.compiler.ErrorDispatcher.javacError(ErrorDispatcher.java:192)
		at org.apache.jasper.compiler.JDTCompiler.generateClass(JDTCompiler.java:524)
		at org.apache.jasper.compiler.Compiler.compile(Compiler.java:373)
		at org.apache.jasper.compiler.Compiler.compile(Compiler.java:345)
		at org.apache.jasper.compiler.Compiler.compile(Compiler.java:331)
		at org.apache.jasper.JspCompilationContext.compile(JspCompilationContext.java:603)
		at org.apache.jasper.servlet.JspServletWrapper.service(JspServletWrapper.java:396)
		at org.apache.jasper.servlet.JspServlet.serviceJspFile(JspServlet.java:377)
		at org.apache.jasper.servlet.JspServlet.service(JspServlet.java:325)
		at jakarta.servlet.http.HttpServlet.service(HttpServlet.java:658)
		at org.apache.catalina.core.ApplicationFilterChain.internalDoFilter(ApplicationFilterChain.java:195)
		at org.apache.catalina.core.ApplicationFilterChain.doFilter(ApplicationFilterChain.java:140)
		at org.apache.tomcat.websocket.server.WsFilter.doFilter(WsFilter.java:51)
		at org.apache.catalina.core.ApplicationFilterChain.internalDoFilter(ApplicationFilterChain.java:164)
		at org.apache.catalina.core.ApplicationFilterChain.doFilter(ApplicationFilterChain.java:140)
		at org.apache.catalina.core.StandardWrapperValve.invoke(StandardWrapperValve.java:167)
		at org.apache.catalina.core.StandardContextValve.invoke(StandardContextValve.java:90)
		at org.apache.catalina.authenticator.AuthenticatorBase.invoke(AuthenticatorBase.java:483)
		at org.apache.catalina.core.StandardHostValve.invoke(StandardHostValve.java:115)
		at org.apache.catalina.valves.ErrorReportValve.invoke(ErrorReportValve.java:93)
		at org.apache.catalina.valves.AbstractAccessLogValve.invoke(AbstractAccessLogValve.java:663)
		at org.apache.catalina.core.StandardEngineValve.invoke(StandardEngineValve.java:74)
		at org.apache.catalina.connector.CoyoteAdapter.service(CoyoteAdapter.java:344)
		at org.apache.coyote.http11.Http11Processor.service(Http11Processor.java:397)
		at org.apache.coyote.AbstractProcessorLight.process(AbstractProcessorLight.java:63)
		at org.apache.coyote.AbstractProtocol$ConnectionHandler.process(AbstractProtocol.java:905)
		at org.apache.tomcat.util.net.NioEndpoint$SocketProcessor.doRun(NioEndpoint.java:1743)
		at org.apache.tomcat.util.net.SocketProcessorBase.run(SocketProcessorBase.java:52)
		at org.apache.tomcat.util.threads.ThreadPoolExecutor.runWorker(ThreadPoolExecutor.java:1190)
		at org.apache.tomcat.util.threads.ThreadPoolExecutor$Worker.run(ThreadPoolExecutor.java:659)
		at org.apache.tomcat.util.threads.TaskThread$WrappingRunnable.run(TaskThread.java:63)
		at java.base/java.lang.Thread.run(Thread.java:1583)
10-Aug-2025 19:46:35.817 SEVERE [http-nio-8080-exec-7] org.apache.catalina.core.StandardWrapperValve.invoke Servlet.service() for servlet [jsp] in context with path [/OnlineBatch] threw exception [Unable to compile class for JSP: 

An error occurred at line: [12] in the jsp file: [/MyJsp.jsp]
Invalid character constant
9:  }
10:  else
11:  {
12:     out.println('"Bye");
13:  }
14: %>


Stacktrace:] with root cause
	org.apache.jasper.JasperException: Unable to compile class for JSP: 

An error occurred at line: [12] in the jsp file: [/MyJsp.jsp]
Invalid character constant
9:  }
10:  else
11:  {
12:     out.println('"Bye");
13:  }
14: %>


Stacktrace:
		at org.apache.jasper.compiler.DefaultErrorHandler.javacError(DefaultErrorHandler.java:72)
		at org.apache.jasper.compiler.ErrorDispatcher.javacError(ErrorDispatcher.java:192)
		at org.apache.jasper.compiler.JDTCompiler.generateClass(JDTCompiler.java:524)
		at org.apache.jasper.compiler.Compiler.compile(Compiler.java:373)
		at org.apache.jasper.compiler.Compiler.compile(Compiler.java:345)
		at org.apache.jasper.compiler.Compiler.compile(Compiler.java:331)
		at org.apache.jasper.JspCompilationContext.compile(JspCompilationContext.java:603)
		at org.apache.jasper.servlet.JspServletWrapper.service(JspServletWrapper.java:396)
		at org.apache.jasper.servlet.JspServlet.serviceJspFile(JspServlet.java:377)
		at org.apache.jasper.servlet.JspServlet.service(JspServlet.java:325)
		at jakarta.servlet.http.HttpServlet.service(HttpServlet.java:658)
		at org.apache.catalina.core.ApplicationFilterChain.internalDoFilter(ApplicationFilterChain.java:195)
		at org.apache.catalina.core.ApplicationFilterChain.doFilter(ApplicationFilterChain.java:140)
		at org.apache.tomcat.websocket.server.WsFilter.doFilter(WsFilter.java:51)
		at org.apache.catalina.core.ApplicationFilterChain.internalDoFilter(ApplicationFilterChain.java:164)
		at org.apache.catalina.core.ApplicationFilterChain.doFilter(ApplicationFilterChain.java:140)
		at org.apache.catalina.core.StandardWrapperValve.invoke(StandardWrapperValve.java:167)
		at org.apache.catalina.core.StandardContextValve.invoke(StandardContextValve.java:90)
		at org.apache.catalina.authenticator.AuthenticatorBase.invoke(AuthenticatorBase.java:483)
		at org.apache.catalina.core.StandardHostValve.invoke(StandardHostValve.java:115)
		at org.apache.catalina.valves.ErrorReportValve.invoke(ErrorReportValve.java:93)
		at org.apache.catalina.valves.AbstractAccessLogValve.invoke(AbstractAccessLogValve.java:663)
		at org.apache.catalina.core.StandardEngineValve.invoke(StandardEngineValve.java:74)
		at org.apache.catalina.connector.CoyoteAdapter.service(CoyoteAdapter.java:344)
		at org.apache.coyote.http11.Http11Processor.service(Http11Processor.java:397)
		at org.apache.coyote.AbstractProcessorLight.process(AbstractProcessorLight.java:63)
		at org.apache.coyote.AbstractProtocol$ConnectionHandler.process(AbstractProtocol.java:905)
		at org.apache.tomcat.util.net.NioEndpoint$SocketProcessor.doRun(NioEndpoint.java:1743)
		at org.apache.tomcat.util.net.SocketProcessorBase.run(SocketProcessorBase.java:52)
		at org.apache.tomcat.util.threads.ThreadPoolExecutor.runWorker(ThreadPoolExecutor.java:1190)
		at org.apache.tomcat.util.threads.ThreadPoolExecutor$Worker.run(ThreadPoolExecutor.java:659)
		at org.apache.tomcat.util.threads.TaskThread$WrappingRunnable.run(TaskThread.java:63)
		at java.base/java.lang.Thread.run(Thread.java:1583)
10-Aug-2025 21:05:45.573 INFO [Thread-1] org.apache.catalina.core.ApplicationContext.log SessionListener: contextDestroyed()
10-Aug-2025 21:05:45.573 INFO [Thread-1] org.apache.catalina.core.ApplicationContext.log ContextListener: contextDestroyed()
